00:00:00.001977 VirtualBox DHCP Server 6.1.18 r142142 linux.amd64 (Feb 16 2021 07:45:49) release log
00:00:00.001978 Log opened 2021-03-01T08:28:38.987641000Z
00:00:00.001979 Build Type: release
00:00:00.001980 OS Product: Linux
00:00:00.001981 OS Release: 5.11.1-arch1-1
00:00:00.001982 OS Version: #1 SMP PREEMPT Tue, 23 Feb 2021 14:05:30 +0000
00:00:00.001996 DMI Product Name: 20H9004HSC
00:00:00.002001 DMI Product Version: ThinkPad T570
00:00:00.002004 Firmware type: UEFI
00:00:00.002668 Secure Boot: Disabled
00:00:00.002697 Host RAM: 15734MB (15.3GB) total, 13048MB (12.7GB) available
00:00:00.002699 Executable: /usr/lib/virtualbox/VBoxNetDHCP
00:00:00.002700 Process ID: 14487
00:00:00.002700 Package type: LINUX_64BITS_GENERIC (OSE)
00:00:00.002715 --config:  HostInterfaceNetworking-vboxnet1
00:00:00.002718 --comment: HostInterfaceNetworking-vboxnet1
00:00:00.002790 IP address:   172.28.128.2/24
00:00:00.002794 Address pool: 172.28.128.3 - 172.28.128.254
00:00:00.002810 MAC address is not specified: will use generated MAC 08:00:27:e9:fb:d8
00:00:00.002814 Db::i_enterFixedAddressAssignment: 08:00:27:e9:fb:d8: 172.28.128.2
00:00:00.002817 loading leases from /home/kers/.config/VirtualBox/HostInterfaceNetworking-vboxnet1-Dhcpd.leases
00:00:00.002960 > LOAD: EXPIRED lease 172.28.128.3 to 08:00:27:32:ae:08, expired, valid from 2021-02-26T16:22:25Z for 600s until 2021-02-26T16:32:25Z
00:01:21.928334 DISCOVER xid 0x6927af05 chaddr 08:00:27:92:a6:e3
00:01:21.928469  ciaddr 0.0.0.0
00:01:21.928500  params { 1 28 2 3 15 6 119 12 44 47 26 121 42 }
00:01:21.928662   12: 'bof'
00:01:21.928681 > allocateAddress to client 08:00:27:92:a6:e3
00:01:21.928702 > .... noted expired binding 172.28.128.3 to 08:00:27:32:ae:08, expired, valid from 2021-02-26T16:22:25Z for 600s until 2021-02-26T16:32:25Z
00:01:21.928753 > .... creating new binding
00:01:21.928767 > .... allocated 172.28.128.4 free
00:01:21.928785 Lease time 600 secs (default)
00:01:21.928812 >>> requested option 1 (SubnetMask)
00:01:21.928826 ... always supplied
00:01:21.928837 >>> requested option 28 (BroadcastAddress)
00:01:21.928851 ... not found
00:01:21.928862 >>> requested option 2 (TimeOffset)
00:01:21.928874 ... not found
00:01:21.928885 >>> requested option 3 (Routers)
00:01:21.928897 ... not found
00:01:21.928909 >>> requested option 15 (DomainName)
00:01:21.928921 ... not found
00:01:21.928933 >>> requested option 6 (DNSes)
00:01:21.928945 ... not found
00:01:21.928957 >>> requested option 119 (DomainSearch)
00:01:21.928986 ... not found
00:01:21.928996 >>> requested option 12 (HostName)
00:01:21.929008 ... not found
00:01:21.929019 >>> requested option 44 (NetBIOSNameServers)
00:01:21.929031 ... not found
00:01:21.929041 >>> requested option 47 (NetBIOSScope)
00:01:21.929053 ... not found
00:01:21.929063 >>> requested option 26 (InterfaceMTU)
00:01:21.929076 ... not found
00:01:21.929087 >>> requested option 121 (unknown)
00:01:21.929102 ... not found
00:01:21.929115 >>> requested option 42 (NTPServers)
00:01:21.929126 ... not found
00:01:21.929160 encoding option 1 (SubnetMask)
00:01:21.929176 encoding option 51 (LeaseTime)
00:01:21.929191 OFFER xid 0x6927af05 chaddr 08:00:27:92:a6:e3
00:01:21.929230  ciaddr 0.0.0.0 yiaddr 172.28.128.4
00:01:21.929268 encoded message: 548 bytes
00:01:21.929275 00007ff1d80012b0/0000: 02 01 06 00 05 af 27 69-00 00 00 00 00 00 00 00 ......'i........
00:01:21.929289 00007ff1d80012c0/0010: ac 1c 80 04 00 00 00 00-00 00 00 00 08 00 27 92 ..............'.
00:01:21.929301 00007ff1d80012d0/0020: a6 e3 00 00 00 00 00 00-00 00 00 00 00 00 00 00 ................
00:01:21.929313 00007ff1d80012e0/0030: 00 00 00 00 00 00 00 00-00 00 00 00 00 00 00 00 ................
00:01:21.929323 00007ff1d80012f0/0040: 00 00 00 00 00 00 00 00-00 00 00 00 00 00 00 00 ................
00:01:21.929332 00007ff1d8001300/0050: 00 00 00 00 00 00 00 00-00 00 00 00 00 00 00 00 ................
00:01:21.929342 00007ff1d8001310/0060: 00 00 00 00 00 00 00 00-00 00 00 00 00 00 00 00 ................
00:01:21.929352 00007ff1d8001320/0070: 00 00 00 00 00 00 00 00-00 00 00 00 00 00 00 00 ................
00:01:21.929361 00007ff1d8001330/0080: 00 00 00 00 00 00 00 00-00 00 00 00 00 00 00 00 ................
00:01:21.929371 00007ff1d8001340/0090: 00 00 00 00 00 00 00 00-00 00 00 00 00 00 00 00 ................
00:01:21.929381 00007ff1d8001350/00a0: 00 00 00 00 00 00 00 00-00 00 00 00 00 00 00 00 ................
00:01:21.929391 00007ff1d8001360/00b0: 00 00 00 00 00 00 00 00-00 00 00 00 00 00 00 00 ................
00:01:21.929401 00007ff1d8001370/00c0: 00 00 00 00 00 00 00 00-00 00 00 00 00 00 00 00 ................
00:01:21.929411 00007ff1d8001380/00d0: 00 00 00 00 00 00 00 00-00 00 00 00 00 00 00 00 ................
00:01:21.929421 00007ff1d8001390/00e0: 00 00 00 00 00 00 00 00-00 00 00 00 63 82 53 63 ............c.Sc
00:01:21.929432 00007ff1d80013a0/00f0: 36 04 ac 1c 80 02 35 01-02 01 04 ff ff ff 00 33 6.....5........3
00:01:21.929443 00007ff1d80013b0/0100: 04 00 00 02 58 ff 00 00-00 00 00 00 00 00 00 00 ....X...........
00:01:21.929453 00007ff1d80013c0/0110: 00 00 00 00 00 00 00 00-00 00 00 00 00 00 00 00 ................
00:01:21.929464 00007ff1d80013d0/0120: 00 00 00 00 00 00 00 00-00 00 00 00 00 00 00 00 ................
00:01:21.929475 00007ff1d80013e0/0130: 00 00 00 00 00 00 00 00-00 00 00 00 00 00 00 00 ................
00:01:21.929485 00007ff1d80013f0/0140: 00 00 00 00 00 00 00 00-00 00 00 00 00 00 00 00 ................
00:01:21.929495 00007ff1d8001400/0150: 00 00 00 00 00 00 00 00-00 00 00 00 00 00 00 00 ................
00:01:21.929506 00007ff1d8001410/0160: 00 00 00 00 00 00 00 00-00 00 00 00 00 00 00 00 ................
00:01:21.929517 00007ff1d8001420/0170: 00 00 00 00 00 00 00 00-00 00 00 00 00 00 00 00 ................
00:01:21.929528 00007ff1d8001430/0180: 00 00 00 00 00 00 00 00-00 00 00 00 00 00 00 00 ................
00:01:21.929540 00007ff1d8001440/0190: 00 00 00 00 00 00 00 00-00 00 00 00 00 00 00 00 ................
00:01:21.929551 00007ff1d8001450/01a0: 00 00 00 00 00 00 00 00-00 00 00 00 00 00 00 00 ................
00:01:21.929561 00007ff1d8001460/01b0: 00 00 00 00 00 00 00 00-00 00 00 00 00 00 00 00 ................
00:01:21.929570 00007ff1d8001470/01c0: 00 00 00 00 00 00 00 00-00 00 00 00 00 00 00 00 ................
00:01:21.929580 00007ff1d8001480/01d0: 00 00 00 00 00 00 00 00-00 00 00 00 00 00 00 00 ................
00:01:21.929591 00007ff1d8001490/01e0: 00 00 00 00 00 00 00 00-00 00 00 00 00 00 00 00 ................
00:01:21.929602 00007ff1d80014a0/01f0: 00 00 00 00 00 00 00 00-00 00 00 00 00 00 00 00 ................
00:01:21.929614 00007ff1d80014b0/0200: 00 00 00 00 00 00 00 00-00 00 00 00 00 00 00 00 ................
00:01:21.929626 00007ff1d80014c0/0210: 00 00 00 00 00 00 00 00-00 00 00 00 00 00 00 00 ................
00:01:21.929636 00007ff1d80014d0/0220: 00 00 00 00                                     ....
00:01:21.930830 REQUEST xid 0x6927af05 chaddr 08:00:27:92:a6:e3
00:01:21.930889  ciaddr 0.0.0.0
00:01:21.930913  for server 172.28.128.2 requested address 172.28.128.4
00:01:21.930952  params { 1 28 2 3 15 6 119 12 44 47 26 121 42 }
00:01:21.931085   12: 'bof'
00:01:21.931098   54: ac 1c 80 02
00:01:21.931117 > allocateAddress 172.28.128.4 to client 08:00:27:92:a6:e3
00:01:21.931138 > ... found existing binding 172.28.128.4 to 08:00:27:92:a6:e3, offered, valid from 2021-03-01T08:30:00Z for 600s until 2021-03-01T08:40:00Z
00:01:21.931170 Lease time 600 secs (default)
00:01:21.931184 writing leases to /home/kers/.config/VirtualBox/HostInterfaceNetworking-vboxnet1-Dhcpd.leases
00:01:21.941580 >>> requested option 1 (SubnetMask)
00:01:21.941630 ... always supplied
00:01:21.941639 >>> requested option 28 (BroadcastAddress)
00:01:21.941649 ... not found
00:01:21.941656 >>> requested option 2 (TimeOffset)
00:01:21.941664 ... not found
00:01:21.941671 >>> requested option 3 (Routers)
00:01:21.941678 ... not found
00:01:21.941685 >>> requested option 15 (DomainName)
00:01:21.941692 ... not found
00:01:21.941699 >>> requested option 6 (DNSes)
00:01:21.941707 ... not found
00:01:21.941713 >>> requested option 119 (DomainSearch)
00:01:21.941721 ... not found
00:01:21.941728 >>> requested option 12 (HostName)
00:01:21.941760 ... not found
00:01:21.941767 >>> requested option 44 (NetBIOSNameServers)
00:01:21.941775 ... not found
00:01:21.941782 >>> requested option 47 (NetBIOSScope)
00:01:21.941790 ... not found
00:01:21.941796 >>> requested option 26 (InterfaceMTU)
00:01:21.941804 ... not found
00:01:21.941810 >>> requested option 121 (unknown)
00:01:21.941818 ... not found
00:01:21.941824 >>> requested option 42 (NTPServers)
00:01:21.941832 ... not found
00:01:21.941844 encoding option 1 (SubnetMask)
00:01:21.941852 encoding option 51 (LeaseTime)
00:01:21.941862 ACK xid 0x6927af05 chaddr 08:00:27:92:a6:e3
00:01:21.941889  ciaddr 0.0.0.0 yiaddr 172.28.128.4
00:01:21.941913 encoded message: 548 bytes
00:01:21.941918 00007ff1d80012b0/0000: 02 01 06 00 05 af 27 69-00 00 00 00 00 00 00 00 ......'i........
00:01:21.941927 00007ff1d80012c0/0010: ac 1c 80 04 00 00 00 00-00 00 00 00 08 00 27 92 ..............'.
00:01:21.941935 00007ff1d80012d0/0020: a6 e3 00 00 00 00 00 00-00 00 00 00 00 00 00 00 ................
00:01:21.941941 00007ff1d80012e0/0030: 00 00 00 00 00 00 00 00-00 00 00 00 00 00 00 00 ................
00:01:21.941948 00007ff1d80012f0/0040: 00 00 00 00 00 00 00 00-00 00 00 00 00 00 00 00 ................
00:01:21.941955 00007ff1d8001300/0050: 00 00 00 00 00 00 00 00-00 00 00 00 00 00 00 00 ................
00:01:21.941961 00007ff1d8001310/0060: 00 00 00 00 00 00 00 00-00 00 00 00 00 00 00 00 ................
00:01:21.941967 00007ff1d8001320/0070: 00 00 00 00 00 00 00 00-00 00 00 00 00 00 00 00 ................
00:01:21.941974 00007ff1d8001330/0080: 00 00 00 00 00 00 00 00-00 00 00 00 00 00 00 00 ................
00:01:21.941980 00007ff1d8001340/0090: 00 00 00 00 00 00 00 00-00 00 00 00 00 00 00 00 ................
00:01:21.941987 00007ff1d8001350/00a0: 00 00 00 00 00 00 00 00-00 00 00 00 00 00 00 00 ................
00:01:21.941993 00007ff1d8001360/00b0: 00 00 00 00 00 00 00 00-00 00 00 00 00 00 00 00 ................
00:01:21.942000 00007ff1d8001370/00c0: 00 00 00 00 00 00 00 00-00 00 00 00 00 00 00 00 ................
00:01:21.942006 00007ff1d8001380/00d0: 00 00 00 00 00 00 00 00-00 00 00 00 00 00 00 00 ................
00:01:21.942012 00007ff1d8001390/00e0: 00 00 00 00 00 00 00 00-00 00 00 00 63 82 53 63 ............c.Sc
00:01:21.942019 00007ff1d80013a0/00f0: 36 04 ac 1c 80 02 35 01-05 01 04 ff ff ff 00 33 6.....5........3
00:01:21.942026 00007ff1d80013b0/0100: 04 00 00 02 58 ff 00 00-00 00 00 00 00 00 00 00 ....X...........
00:01:21.942033 00007ff1d80013c0/0110: 00 00 00 00 00 00 00 00-00 00 00 00 00 00 00 00 ................
00:01:21.942039 00007ff1d80013d0/0120: 00 00 00 00 00 00 00 00-00 00 00 00 00 00 00 00 ................
00:01:21.942046 00007ff1d80013e0/0130: 00 00 00 00 00 00 00 00-00 00 00 00 00 00 00 00 ................
00:01:21.942052 00007ff1d80013f0/0140: 00 00 00 00 00 00 00 00-00 00 00 00 00 00 00 00 ................
00:01:21.942059 00007ff1d8001400/0150: 00 00 00 00 00 00 00 00-00 00 00 00 00 00 00 00 ................
00:01:21.942065 00007ff1d8001410/0160: 00 00 00 00 00 00 00 00-00 00 00 00 00 00 00 00 ................
00:01:21.942071 00007ff1d8001420/0170: 00 00 00 00 00 00 00 00-00 00 00 00 00 00 00 00 ................
00:01:21.942078 00007ff1d8001430/0180: 00 00 00 00 00 00 00 00-00 00 00 00 00 00 00 00 ................
00:01:21.942084 00007ff1d8001440/0190: 00 00 00 00 00 00 00 00-00 00 00 00 00 00 00 00 ................
00:01:21.942091 00007ff1d8001450/01a0: 00 00 00 00 00 00 00 00-00 00 00 00 00 00 00 00 ................
00:01:21.942097 00007ff1d8001460/01b0: 00 00 00 00 00 00 00 00-00 00 00 00 00 00 00 00 ................
00:01:21.942104 00007ff1d8001470/01c0: 00 00 00 00 00 00 00 00-00 00 00 00 00 00 00 00 ................
00:01:21.942110 00007ff1d8001480/01d0: 00 00 00 00 00 00 00 00-00 00 00 00 00 00 00 00 ................
00:01:21.942117 00007ff1d8001490/01e0: 00 00 00 00 00 00 00 00-00 00 00 00 00 00 00 00 ................
00:01:21.942123 00007ff1d80014a0/01f0: 00 00 00 00 00 00 00 00-00 00 00 00 00 00 00 00 ................
00:01:21.942130 00007ff1d80014b0/0200: 00 00 00 00 00 00 00 00-00 00 00 00 00 00 00 00 ................
00:01:21.942136 00007ff1d80014c0/0210: 00 00 00 00 00 00 00 00-00 00 00 00 00 00 00 00 ................
00:01:21.942143 00007ff1d80014d0/0220: 00 00 00 00                                     ....
00:05:36.414214 REQUEST xid 0x6927af05 chaddr 08:00:27:92:a6:e3
00:05:36.414308  ciaddr 172.28.128.4
00:05:36.414338  params { 1 28 2 3 15 6 119 12 44 47 26 121 42 }
00:05:36.414497   12: 'bof'
00:05:36.414516 > allocateAddress to client 08:00:27:92:a6:e3
00:05:36.414538 > ... found existing binding 172.28.128.4 to 08:00:27:92:a6:e3, acked, valid from 2021-03-01T08:30:00Z for 600s until 2021-03-01T08:40:00Z
00:05:36.414574 Lease time 600 secs (default)
00:05:36.414589 writing leases to /home/kers/.config/VirtualBox/HostInterfaceNetworking-vboxnet1-Dhcpd.leases
00:05:36.424908 >>> requested option 1 (SubnetMask)
00:05:36.424952 ... always supplied
00:05:36.424962 >>> requested option 28 (BroadcastAddress)
00:05:36.424973 ... not found
00:05:36.424981 >>> requested option 2 (TimeOffset)
00:05:36.424990 ... not found
00:05:36.424998 >>> requested option 3 (Routers)
00:05:36.425007 ... not found
00:05:36.425015 >>> requested option 15 (DomainName)
00:05:36.425023 ... not found
00:05:36.425031 >>> requested option 6 (DNSes)
00:05:36.425040 ... not found
00:05:36.425048 >>> requested option 119 (DomainSearch)
00:05:36.425057 ... not found
00:05:36.425065 >>> requested option 12 (HostName)
00:05:36.425073 ... not found
00:05:36.425082 >>> requested option 44 (NetBIOSNameServers)
00:05:36.425090 ... not found
00:05:36.425098 >>> requested option 47 (NetBIOSScope)
00:05:36.425107 ... not found
00:05:36.425115 >>> requested option 26 (InterfaceMTU)
00:05:36.425124 ... not found
00:05:36.425132 >>> requested option 121 (unknown)
00:05:36.425140 ... not found
00:05:36.425148 >>> requested option 42 (NTPServers)
00:05:36.425157 ... not found
00:05:36.425170 encoding option 1 (SubnetMask)
00:05:36.425179 encoding option 51 (LeaseTime)
00:05:36.425190 ACK xid 0x6927af05 chaddr 08:00:27:92:a6:e3
00:05:36.425221  ciaddr 172.28.128.4 yiaddr 172.28.128.4
00:05:36.425249 encoded message: 548 bytes
00:05:36.425255 00007ff1d80012b0/0000: 02 01 06 00 05 af 27 69-00 00 00 00 ac 1c 80 04 ......'i........
00:05:36.425264 00007ff1d80012c0/0010: ac 1c 80 04 00 00 00 00-00 00 00 00 08 00 27 92 ..............'.
00:05:36.425271 00007ff1d80012d0/0020: a6 e3 00 00 00 00 00 00-00 00 00 00 00 00 00 00 ................
00:05:36.425278 00007ff1d80012e0/0030: 00 00 00 00 00 00 00 00-00 00 00 00 00 00 00 00 ................
00:05:36.425285 00007ff1d80012f0/0040: 00 00 00 00 00 00 00 00-00 00 00 00 00 00 00 00 ................
00:05:36.425291 00007ff1d8001300/0050: 00 00 00 00 00 00 00 00-00 00 00 00 00 00 00 00 ................
00:05:36.425298 00007ff1d8001310/0060: 00 00 00 00 00 00 00 00-00 00 00 00 00 00 00 00 ................
00:05:36.425304 00007ff1d8001320/0070: 00 00 00 00 00 00 00 00-00 00 00 00 00 00 00 00 ................
00:05:36.425311 00007ff1d8001330/0080: 00 00 00 00 00 00 00 00-00 00 00 00 00 00 00 00 ................
00:05:36.425317 00007ff1d8001340/0090: 00 00 00 00 00 00 00 00-00 00 00 00 00 00 00 00 ................
00:05:36.425323 00007ff1d8001350/00a0: 00 00 00 00 00 00 00 00-00 00 00 00 00 00 00 00 ................
00:05:36.425330 00007ff1d8001360/00b0: 00 00 00 00 00 00 00 00-00 00 00 00 00 00 00 00 ................
00:05:36.425336 00007ff1d8001370/00c0: 00 00 00 00 00 00 00 00-00 00 00 00 00 00 00 00 ................
00:05:36.425343 00007ff1d8001380/00d0: 00 00 00 00 00 00 00 00-00 00 00 00 00 00 00 00 ................
00:05:36.425349 00007ff1d8001390/00e0: 00 00 00 00 00 00 00 00-00 00 00 00 63 82 53 63 ............c.Sc
00:05:36.425356 00007ff1d80013a0/00f0: 36 04 ac 1c 80 02 35 01-05 01 04 ff ff ff 00 33 6.....5........3
00:05:36.425363 00007ff1d80013b0/0100: 04 00 00 02 58 ff 00 00-00 00 00 00 00 00 00 00 ....X...........
00:05:36.425369 00007ff1d80013c0/0110: 00 00 00 00 00 00 00 00-00 00 00 00 00 00 00 00 ................
00:05:36.425376 00007ff1d80013d0/0120: 00 00 00 00 00 00 00 00-00 00 00 00 00 00 00 00 ................
00:05:36.425382 00007ff1d80013e0/0130: 00 00 00 00 00 00 00 00-00 00 00 00 00 00 00 00 ................
00:05:36.425389 00007ff1d80013f0/0140: 00 00 00 00 00 00 00 00-00 00 00 00 00 00 00 00 ................
00:05:36.425395 00007ff1d8001400/0150: 00 00 00 00 00 00 00 00-00 00 00 00 00 00 00 00 ................
00:05:36.425402 00007ff1d8001410/0160: 00 00 00 00 00 00 00 00-00 00 00 00 00 00 00 00 ................
00:05:36.425408 00007ff1d8001420/0170: 00 00 00 00 00 00 00 00-00 00 00 00 00 00 00 00 ................
00:05:36.425414 00007ff1d8001430/0180: 00 00 00 00 00 00 00 00-00 00 00 00 00 00 00 00 ................
00:05:36.425421 00007ff1d8001440/0190: 00 00 00 00 00 00 00 00-00 00 00 00 00 00 00 00 ................
00:05:36.425427 00007ff1d8001450/01a0: 00 00 00 00 00 00 00 00-00 00 00 00 00 00 00 00 ................
00:05:36.425434 00007ff1d8001460/01b0: 00 00 00 00 00 00 00 00-00 00 00 00 00 00 00 00 ................
00:05:36.425440 00007ff1d8001470/01c0: 00 00 00 00 00 00 00 00-00 00 00 00 00 00 00 00 ................
00:05:36.425447 00007ff1d8001480/01d0: 00 00 00 00 00 00 00 00-00 00 00 00 00 00 00 00 ................
00:05:36.425453 00007ff1d8001490/01e0: 00 00 00 00 00 00 00 00-00 00 00 00 00 00 00 00 ................
00:05:36.425460 00007ff1d80014a0/01f0: 00 00 00 00 00 00 00 00-00 00 00 00 00 00 00 00 ................
00:05:36.425466 00007ff1d80014b0/0200: 00 00 00 00 00 00 00 00-00 00 00 00 00 00 00 00 ................
00:05:36.425473 00007ff1d80014c0/0210: 00 00 00 00 00 00 00 00-00 00 00 00 00 00 00 00 ................
00:05:36.425479 00007ff1d80014d0/0220: 00 00 00 00                                     ....
00:09:56.548242 REQUEST xid 0x6927af05 chaddr 08:00:27:92:a6:e3
00:09:56.548318  ciaddr 172.28.128.4
00:09:56.548341  params { 1 28 2 3 15 6 119 12 44 47 26 121 42 }
00:09:56.548455   12: 'bof'
00:09:56.548469 > allocateAddress to client 08:00:27:92:a6:e3
00:09:56.548484 > ... found existing binding 172.28.128.4 to 08:00:27:92:a6:e3, acked, valid from 2021-03-01T08:34:15Z for 600s until 2021-03-01T08:44:15Z
00:09:56.548508 Lease time 600 secs (default)
00:09:56.548518 writing leases to /home/kers/.config/VirtualBox/HostInterfaceNetworking-vboxnet1-Dhcpd.leases
00:09:56.563449 >>> requested option 1 (SubnetMask)
00:09:56.563488 ... always supplied
00:09:56.563498 >>> requested option 28 (BroadcastAddress)
00:09:56.563509 ... not found
00:09:56.563518 >>> requested option 2 (TimeOffset)
00:09:56.563527 ... not found
00:09:56.563535 >>> requested option 3 (Routers)
00:09:56.563544 ... not found
00:09:56.563553 >>> requested option 15 (DomainName)
00:09:56.563562 ... not found
00:09:56.563570 >>> requested option 6 (DNSes)
00:09:56.563579 ... not found
00:09:56.563588 >>> requested option 119 (DomainSearch)
00:09:56.563597 ... not found
00:09:56.563605 >>> requested option 12 (HostName)
00:09:56.563613 ... not found
00:09:56.563622 >>> requested option 44 (NetBIOSNameServers)
00:09:56.563631 ... not found
00:09:56.563639 >>> requested option 47 (NetBIOSScope)
00:09:56.563648 ... not found
00:09:56.563656 >>> requested option 26 (InterfaceMTU)
00:09:56.563665 ... not found
00:09:56.563673 >>> requested option 121 (unknown)
00:09:56.563682 ... not found
00:09:56.563690 >>> requested option 42 (NTPServers)
00:09:56.563699 ... not found
00:09:56.563712 encoding option 1 (SubnetMask)
00:09:56.563722 encoding option 51 (LeaseTime)
00:09:56.563732 ACK xid 0x6927af05 chaddr 08:00:27:92:a6:e3
00:09:56.563764  ciaddr 172.28.128.4 yiaddr 172.28.128.4
00:09:56.563795 encoded message: 548 bytes
00:09:56.563802 00007ff1d80012b0/0000: 02 01 06 00 05 af 27 69-00 00 00 00 ac 1c 80 04 ......'i........
00:09:56.563816 00007ff1d80012c0/0010: ac 1c 80 04 00 00 00 00-00 00 00 00 08 00 27 92 ..............'.
00:09:56.563825 00007ff1d80012d0/0020: a6 e3 00 00 00 00 00 00-00 00 00 00 00 00 00 00 ................
00:09:56.563832 00007ff1d80012e0/0030: 00 00 00 00 00 00 00 00-00 00 00 00 00 00 00 00 ................
00:09:56.563839 00007ff1d80012f0/0040: 00 00 00 00 00 00 00 00-00 00 00 00 00 00 00 00 ................
00:09:56.563846 00007ff1d8001300/0050: 00 00 00 00 00 00 00 00-00 00 00 00 00 00 00 00 ................
00:09:56.563852 00007ff1d8001310/0060: 00 00 00 00 00 00 00 00-00 00 00 00 00 00 00 00 ................
00:09:56.563859 00007ff1d8001320/0070: 00 00 00 00 00 00 00 00-00 00 00 00 00 00 00 00 ................
00:09:56.563865 00007ff1d8001330/0080: 00 00 00 00 00 00 00 00-00 00 00 00 00 00 00 00 ................
00:09:56.563872 00007ff1d8001340/0090: 00 00 00 00 00 00 00 00-00 00 00 00 00 00 00 00 ................
00:09:56.563878 00007ff1d8001350/00a0: 00 00 00 00 00 00 00 00-00 00 00 00 00 00 00 00 ................
00:09:56.563885 00007ff1d8001360/00b0: 00 00 00 00 00 00 00 00-00 00 00 00 00 00 00 00 ................
00:09:56.563891 00007ff1d8001370/00c0: 00 00 00 00 00 00 00 00-00 00 00 00 00 00 00 00 ................
00:09:56.563898 00007ff1d8001380/00d0: 00 00 00 00 00 00 00 00-00 00 00 00 00 00 00 00 ................
00:09:56.563904 00007ff1d8001390/00e0: 00 00 00 00 00 00 00 00-00 00 00 00 63 82 53 63 ............c.Sc
00:09:56.563911 00007ff1d80013a0/00f0: 36 04 ac 1c 80 02 35 01-05 01 04 ff ff ff 00 33 6.....5........3
00:09:56.563918 00007ff1d80013b0/0100: 04 00 00 02 58 ff 00 00-00 00 00 00 00 00 00 00 ....X...........
00:09:56.563924 00007ff1d80013c0/0110: 00 00 00 00 00 00 00 00-00 00 00 00 00 00 00 00 ................
00:09:56.563931 00007ff1d80013d0/0120: 00 00 00 00 00 00 00 00-00 00 00 00 00 00 00 00 ................
00:09:56.563937 00007ff1d80013e0/0130: 00 00 00 00 00 00 00 00-00 00 00 00 00 00 00 00 ................
00:09:56.563944 00007ff1d80013f0/0140: 00 00 00 00 00 00 00 00-00 00 00 00 00 00 00 00 ................
00:09:56.563950 00007ff1d8001400/0150: 00 00 00 00 00 00 00 00-00 00 00 00 00 00 00 00 ................
00:09:56.563957 00007ff1d8001410/0160: 00 00 00 00 00 00 00 00-00 00 00 00 00 00 00 00 ................
00:09:56.563963 00007ff1d8001420/0170: 00 00 00 00 00 00 00 00-00 00 00 00 00 00 00 00 ................
00:09:56.563970 00007ff1d8001430/0180: 00 00 00 00 00 00 00 00-00 00 00 00 00 00 00 00 ................
00:09:56.563976 00007ff1d8001440/0190: 00 00 00 00 00 00 00 00-00 00 00 00 00 00 00 00 ................
00:09:56.563982 00007ff1d8001450/01a0: 00 00 00 00 00 00 00 00-00 00 00 00 00 00 00 00 ................
00:09:56.563989 00007ff1d8001460/01b0: 00 00 00 00 00 00 00 00-00 00 00 00 00 00 00 00 ................
00:09:56.563995 00007ff1d8001470/01c0: 00 00 00 00 00 00 00 00-00 00 00 00 00 00 00 00 ................
00:09:56.564002 00007ff1d8001480/01d0: 00 00 00 00 00 00 00 00-00 00 00 00 00 00 00 00 ................
00:09:56.564008 00007ff1d8001490/01e0: 00 00 00 00 00 00 00 00-00 00 00 00 00 00 00 00 ................
00:09:56.564015 00007ff1d80014a0/01f0: 00 00 00 00 00 00 00 00-00 00 00 00 00 00 00 00 ................
00:09:56.564021 00007ff1d80014b0/0200: 00 00 00 00 00 00 00 00-00 00 00 00 00 00 00 00 ................
00:09:56.564028 00007ff1d80014c0/0210: 00 00 00 00 00 00 00 00-00 00 00 00 00 00 00 00 ................
00:09:56.564034 00007ff1d80014d0/0220: 00 00 00 00                                     ....
00:10:30.730333 RELEASE xid 0x460a989c chaddr 08:00:27:92:a6:e3
00:10:30.730407  ciaddr 172.28.128.4
00:10:30.730427  for server 172.28.128.2  12: 'bof'
00:10:30.730485   54: ac 1c 80 02
00:10:30.730500 Db::releaseBinding: releasing 172.28.128.4 to 08:00:27:92:a6:e3, acked, valid from 2021-03-01T08:38:35Z for 600s until 2021-03-01T08:48:35Z
00:10:30.730527 writing leases to /home/kers/.config/VirtualBox/HostInterfaceNetworking-vboxnet1-Dhcpd.leases
